The system is: Linux - 2.6.32-754.15.3.el6.x86_64 - x86_64
Compiling the C compiler identification source file "CMakeCCompilerId.c" succeeded.
Compiler: /cvmfs/sft.cern.ch/lcg/contrib/gcc/4.9.3/x86_64-slc6/bin/gcc 
Build flags: 
Id flags: 

The output was:
0


Compilation of the C compiler identification source "CMakeCCompilerId.c" produced "a.out"

The C compiler identification is GNU, found in "/afs/desy.de/user/s/sdharani/flc/eeZHqqbb/Hbb/build/CMakeFiles/3.6.3/CompilerIdC/a.out"

Compiling the CXX compiler identification source file "CMakeCXXCompilerId.cpp" succeeded.
Compiler: /cvmfs/sft.cern.ch/lcg/contrib/gcc/4.9.3/x86_64-slc6/bin/g++ 
Build flags: 
Id flags: 

The output was:
0


Compilation of the CXX compiler identification source "CMakeCXXCompilerId.cpp" produced "a.out"

The CXX compiler identification is GNU, found in "/afs/desy.de/user/s/sdharani/flc/eeZHqqbb/Hbb/build/CMakeFiles/3.6.3/CompilerIdCXX/a.out"

Determining if the C compiler works passed with the following output:
Change Dir: /afs/desy.de/user/s/sdharani/flc/eeZHqqbb/Hbb/build/CMakeFiles/CMakeTmp

Run Build Command:"/usr/bin/gmake" "cmTC_8bbee/fast"
/usr/bin/gmake -f CMakeFiles/cmTC_8bbee.dir/build.make CMakeFiles/cmTC_8bbee.dir/build
gmake[1]: Entering directory `/afs/desy.de/user/s/sdharani/flc/eeZHqqbb/Hbb/build/CMakeFiles/CMakeTmp'
Building C object CMakeFiles/cmTC_8bbee.dir/testCCompiler.c.o
/cvmfs/sft.cern.ch/lcg/contrib/gcc/4.9.3/x86_64-slc6/bin/gcc     -o CMakeFiles/cmTC_8bbee.dir/testCCompiler.c.o   -c /afs/desy.de/user/s/sdharani/flc/eeZHqqbb/Hbb/build/CMakeFiles/CMakeTmp/testCCompiler.c
Linking C executable cmTC_8bbee
/cvmfs/ilc.desy.de/sw/x86_64_gcc49_sl6/CMake/3.6.3/bin/cmake -E cmake_link_script CMakeFiles/cmTC_8bbee.dir/link.txt --verbose=1
/cvmfs/sft.cern.ch/lcg/contrib/gcc/4.9.3/x86_64-slc6/bin/gcc       CMakeFiles/cmTC_8bbee.dir/testCCompiler.c.o  -o cmTC_8bbee -rdynamic 
gmake[1]: Leaving directory `/afs/desy.de/user/s/sdharani/flc/eeZHqqbb/Hbb/build/CMakeFiles/CMakeTmp'


Detecting C compiler ABI info compiled with the following output:
Change Dir: /afs/desy.de/user/s/sdharani/flc/eeZHqqbb/Hbb/build/CMakeFiles/CMakeTmp

Run Build Command:"/usr/bin/gmake" "cmTC_84503/fast"
/usr/bin/gmake -f CMakeFiles/cmTC_84503.dir/build.make CMakeFiles/cmTC_84503.dir/build
gmake[1]: Entering directory `/afs/desy.de/user/s/sdharani/flc/eeZHqqbb/Hbb/build/CMakeFiles/CMakeTmp'
Building C object CMakeFiles/cmTC_84503.dir/CMakeCCompilerABI.c.o
/cvmfs/sft.cern.ch/lcg/contrib/gcc/4.9.3/x86_64-slc6/bin/gcc     -o CMakeFiles/cmTC_84503.dir/CMakeCCompilerABI.c.o   -c /cvmfs/ilc.desy.de/sw/x86_64_gcc49_sl6/CMake/3.6.3/share/cmake-3.6/Modules/CMakeCCompilerABI.c
Linking C executable cmTC_84503
/cvmfs/ilc.desy.de/sw/x86_64_gcc49_sl6/CMake/3.6.3/bin/cmake -E cmake_link_script CMakeFiles/cmTC_84503.dir/link.txt --verbose=1
/cvmfs/sft.cern.ch/lcg/contrib/gcc/4.9.3/x86_64-slc6/bin/gcc      -v CMakeFiles/cmTC_84503.dir/CMakeCCompilerABI.c.o  -o cmTC_84503 -rdynamic  
Using built-in specs.
COLLECT_GCC=/cvmfs/sft.cern.ch/lcg/contrib/gcc/4.9.3/x86_64-slc6/bin/gcc
COLLECT_LTO_WRAPPER=/cvmfs/sft.cern.ch/lcg/contrib/gcc/4.9.3/x86_64-slc6/bin/../libexec/gcc/x86_64-unknown-linux-gnu/4.9.3/lto-wrapper
Target: x86_64-unknown-linux-gnu
Configured with: ../gcc-4.9.3/configure --prefix=/build/pmendez-sftnight/install-493/ --with-system-zlib --disable-multilib --enable-languages=all
Thread model: posix
gcc version 4.9.3 (GCC) 
COMPILER_PATH=/cvmfs/sft.cern.ch/lcg/contrib/gcc/4.9.3/x86_64-slc6/bin/../libexec/gcc/x86_64-unknown-linux-gnu/4.9.3/:/cvmfs/sft.cern.ch/lcg/contrib/gcc/4.9.3/x86_64-slc6/bin/../libexec/gcc/
LIBRARY_PATH=/cvmfs/sft.cern.ch/lcg/contrib/gcc/4.9.3/x86_64-slc6/bin/../lib/gcc/x86_64-unknown-linux-gnu/4.9.3/:/cvmfs/sft.cern.ch/lcg/contrib/gcc/4.9.3/x86_64-slc6/bin/../lib/gcc/:/cvmfs/sft.cern.ch/lcg/contrib/gcc/4.9.3/x86_64-slc6/bin/../lib/gcc/x86_64-unknown-linux-gnu/4.9.3/../../../../lib64/:/lib/../lib64/:/usr/lib/../lib64/:/cvmfs/sft.cern.ch/lcg/contrib/gcc/4.9.3/x86_64-slc6/bin/../lib/gcc/x86_64-unknown-linux-gnu/4.9.3/../../../:/lib/:/usr/lib/
COLLECT_GCC_OPTIONS='-v' '-o' 'cmTC_84503' '-rdynamic' '-mtune=generic' '-march=x86-64'
 /cvmfs/sft.cern.ch/lcg/contrib/gcc/4.9.3/x86_64-slc6/bin/../libexec/gcc/x86_64-unknown-linux-gnu/4.9.3/collect2 --eh-frame-hdr -m elf_x86_64 -export-dynamic -dynamic-linker /lib64/ld-linux-x86-64.so.2 -o cmTC_84503 /usr/lib/../lib64/crt1.o /usr/lib/../lib64/crti.o /cvmfs/sft.cern.ch/lcg/contrib/gcc/4.9.3/x86_64-slc6/bin/../lib/gcc/x86_64-unknown-linux-gnu/4.9.3/crtbegin.o -L/cvmfs/sft.cern.ch/lcg/contrib/gcc/4.9.3/x86_64-slc6/bin/../lib/gcc/x86_64-unknown-linux-gnu/4.9.3 -L/cvmfs/sft.cern.ch/lcg/contrib/gcc/4.9.3/x86_64-slc6/bin/../lib/gcc -L/cvmfs/sft.cern.ch/lcg/contrib/gcc/4.9.3/x86_64-slc6/bin/../lib/gcc/x86_64-unknown-linux-gnu/4.9.3/../../../../lib64 -L/lib/../lib64 -L/usr/lib/../lib64 -L/cvmfs/sft.cern.ch/lcg/contrib/gcc/4.9.3/x86_64-slc6/bin/../lib/gcc/x86_64-unknown-linux-gnu/4.9.3/../../.. CMakeFiles/cmTC_84503.dir/CMakeCCompilerABI.c.o -lgcc --as-needed -lgcc_s --no-as-needed -lc -lgcc --as-needed -lgcc_s --no-as-needed /cvmfs/sft.cern.ch/lcg/contrib/gcc/4.9.3/x86_64-slc6/bin/../lib/gcc/x86_64-unknown-linux-gnu/4.9.3/crtend.o /usr/lib/../lib64/crtn.o
gmake[1]: Leaving directory `/afs/desy.de/user/s/sdharani/flc/eeZHqqbb/Hbb/build/CMakeFiles/CMakeTmp'


Parsed C implicit link information from above output:
  link line regex: [^( *|.*[/\])(ld|([^/\]+-)?ld|collect2)[^/\]*( |$)]
  ignore line: [Change Dir: /afs/desy.de/user/s/sdharani/flc/eeZHqqbb/Hbb/build/CMakeFiles/CMakeTmp]
  ignore line: []
  ignore line: [Run Build Command:"/usr/bin/gmake" "cmTC_84503/fast"]
  ignore line: [/usr/bin/gmake -f CMakeFiles/cmTC_84503.dir/build.make CMakeFiles/cmTC_84503.dir/build]
  ignore line: [gmake[1]: Entering directory `/afs/desy.de/user/s/sdharani/flc/eeZHqqbb/Hbb/build/CMakeFiles/CMakeTmp']
  ignore line: [Building C object CMakeFiles/cmTC_84503.dir/CMakeCCompilerABI.c.o]
  ignore line: [/cvmfs/sft.cern.ch/lcg/contrib/gcc/4.9.3/x86_64-slc6/bin/gcc     -o CMakeFiles/cmTC_84503.dir/CMakeCCompilerABI.c.o   -c /cvmfs/ilc.desy.de/sw/x86_64_gcc49_sl6/CMake/3.6.3/share/cmake-3.6/Modules/CMakeCCompilerABI.c]
  ignore line: [Linking C executable cmTC_84503]
  ignore line: [/cvmfs/ilc.desy.de/sw/x86_64_gcc49_sl6/CMake/3.6.3/bin/cmake -E cmake_link_script CMakeFiles/cmTC_84503.dir/link.txt --verbose=1]
  ignore line: [/cvmfs/sft.cern.ch/lcg/contrib/gcc/4.9.3/x86_64-slc6/bin/gcc      -v CMakeFiles/cmTC_84503.dir/CMakeCCompilerABI.c.o  -o cmTC_84503 -rdynamic  ]
  ignore line: [Using built-in specs.]
  ignore line: [COLLECT_GCC=/cvmfs/sft.cern.ch/lcg/contrib/gcc/4.9.3/x86_64-slc6/bin/gcc]
  ignore line: [COLLECT_LTO_WRAPPER=/cvmfs/sft.cern.ch/lcg/contrib/gcc/4.9.3/x86_64-slc6/bin/../libexec/gcc/x86_64-unknown-linux-gnu/4.9.3/lto-wrapper]
  ignore line: [Target: x86_64-unknown-linux-gnu]
  ignore line: [Configured with: ../gcc-4.9.3/configure --prefix=/build/pmendez-sftnight/install-493/ --with-system-zlib --disable-multilib --enable-languages=all]
  ignore line: [Thread model: posix]
  ignore line: [gcc version 4.9.3 (GCC) ]
  ignore line: [COMPILER_PATH=/cvmfs/sft.cern.ch/lcg/contrib/gcc/4.9.3/x86_64-slc6/bin/../libexec/gcc/x86_64-unknown-linux-gnu/4.9.3/:/cvmfs/sft.cern.ch/lcg/contrib/gcc/4.9.3/x86_64-slc6/bin/../libexec/gcc/]
  ignore line: [LIBRARY_PATH=/cvmfs/sft.cern.ch/lcg/contrib/gcc/4.9.3/x86_64-slc6/bin/../lib/gcc/x86_64-unknown-linux-gnu/4.9.3/:/cvmfs/sft.cern.ch/lcg/contrib/gcc/4.9.3/x86_64-slc6/bin/../lib/gcc/:/cvmfs/sft.cern.ch/lcg/contrib/gcc/4.9.3/x86_64-slc6/bin/../lib/gcc/x86_64-unknown-linux-gnu/4.9.3/../../../../lib64/:/lib/../lib64/:/usr/lib/../lib64/:/cvmfs/sft.cern.ch/lcg/contrib/gcc/4.9.3/x86_64-slc6/bin/../lib/gcc/x86_64-unknown-linux-gnu/4.9.3/../../../:/lib/:/usr/lib/]
  ignore line: [COLLECT_GCC_OPTIONS='-v' '-o' 'cmTC_84503' '-rdynamic' '-mtune=generic' '-march=x86-64']
  link line: [ /cvmfs/sft.cern.ch/lcg/contrib/gcc/4.9.3/x86_64-slc6/bin/../libexec/gcc/x86_64-unknown-linux-gnu/4.9.3/collect2 --eh-frame-hdr -m elf_x86_64 -export-dynamic -dynamic-linker /lib64/ld-linux-x86-64.so.2 -o cmTC_84503 /usr/lib/../lib64/crt1.o /usr/lib/../lib64/crti.o /cvmfs/sft.cern.ch/lcg/contrib/gcc/4.9.3/x86_64-slc6/bin/../lib/gcc/x86_64-unknown-linux-gnu/4.9.3/crtbegin.o -L/cvmfs/sft.cern.ch/lcg/contrib/gcc/4.9.3/x86_64-slc6/bin/../lib/gcc/x86_64-unknown-linux-gnu/4.9.3 -L/cvmfs/sft.cern.ch/lcg/contrib/gcc/4.9.3/x86_64-slc6/bin/../lib/gcc -L/cvmfs/sft.cern.ch/lcg/contrib/gcc/4.9.3/x86_64-slc6/bin/../lib/gcc/x86_64-unknown-linux-gnu/4.9.3/../../../../lib64 -L/lib/../lib64 -L/usr/lib/../lib64 -L/cvmfs/sft.cern.ch/lcg/contrib/gcc/4.9.3/x86_64-slc6/bin/../lib/gcc/x86_64-unknown-linux-gnu/4.9.3/../../.. CMakeFiles/cmTC_84503.dir/CMakeCCompilerABI.c.o -lgcc --as-needed -lgcc_s --no-as-needed -lc -lgcc --as-needed -lgcc_s --no-as-needed /cvmfs/sft.cern.ch/lcg/contrib/gcc/4.9.3/x86_64-slc6/bin/../lib/gcc/x86_64-unknown-linux-gnu/4.9.3/crtend.o /usr/lib/../lib64/crtn.o]
    arg [/cvmfs/sft.cern.ch/lcg/contrib/gcc/4.9.3/x86_64-slc6/bin/../libexec/gcc/x86_64-unknown-linux-gnu/4.9.3/collect2] ==> ignore
    arg [--eh-frame-hdr] ==> ignore
    arg [-m] ==> ignore
    arg [elf_x86_64] ==> ignore
    arg [-export-dynamic] ==> ignore
    arg [-dynamic-linker] ==> ignore
    arg [/lib64/ld-linux-x86-64.so.2] ==> ignore
    arg [-o] ==> ignore
    arg [cmTC_84503] ==> ignore
    arg [/usr/lib/../lib64/crt1.o] ==> ignore
    arg [/usr/lib/../lib64/crti.o] ==> ignore
    arg [/cvmfs/sft.cern.ch/lcg/contrib/gcc/4.9.3/x86_64-slc6/bin/../lib/gcc/x86_64-unknown-linux-gnu/4.9.3/crtbegin.o] ==> ignore
    arg [-L/cvmfs/sft.cern.ch/lcg/contrib/gcc/4.9.3/x86_64-slc6/bin/../lib/gcc/x86_64-unknown-linux-gnu/4.9.3] ==> dir [/cvmfs/sft.cern.ch/lcg/contrib/gcc/4.9.3/x86_64-slc6/bin/../lib/gcc/x86_64-unknown-linux-gnu/4.9.3]
    arg [-L/cvmfs/sft.cern.ch/lcg/contrib/gcc/4.9.3/x86_64-slc6/bin/../lib/gcc] ==> dir [/cvmfs/sft.cern.ch/lcg/contrib/gcc/4.9.3/x86_64-slc6/bin/../lib/gcc]
    arg [-L/cvmfs/sft.cern.ch/lcg/contrib/gcc/4.9.3/x86_64-slc6/bin/../lib/gcc/x86_64-unknown-linux-gnu/4.9.3/../../../../lib64] ==> dir [/cvmfs/sft.cern.ch/lcg/contrib/gcc/4.9.3/x86_64-slc6/bin/../lib/gcc/x86_64-unknown-linux-gnu/4.9.3/../../../../lib64]
    arg [-L/lib/../lib64] ==> dir [/lib/../lib64]
    arg [-L/usr/lib/../lib64] ==> dir [/usr/lib/../lib64]
    arg [-L/cvmfs/sft.cern.ch/lcg/contrib/gcc/4.9.3/x86_64-slc6/bin/../lib/gcc/x86_64-unknown-linux-gnu/4.9.3/../../..] ==> dir [/cvmfs/sft.cern.ch/lcg/contrib/gcc/4.9.3/x86_64-slc6/bin/../lib/gcc/x86_64-unknown-linux-gnu/4.9.3/../../..]
    arg [CMakeFiles/cmTC_84503.dir/CMakeCCompilerABI.c.o] ==> ignore
    arg [-lgcc] ==> lib [gcc]
    arg [--as-needed] ==> ignore
    arg [-lgcc_s] ==> lib [gcc_s]
    arg [--no-as-needed] ==> ignore
    arg [-lc] ==> lib [c]
    arg [-lgcc] ==> lib [gcc]
    arg [--as-needed] ==> ignore
    arg [-lgcc_s] ==> lib [gcc_s]
    arg [--no-as-needed] ==> ignore
    arg [/cvmfs/sft.cern.ch/lcg/contrib/gcc/4.9.3/x86_64-slc6/bin/../lib/gcc/x86_64-unknown-linux-gnu/4.9.3/crtend.o] ==> ignore
    arg [/usr/lib/../lib64/crtn.o] ==> ignore
  remove lib [gcc]
  remove lib [gcc_s]
  remove lib [gcc]
  remove lib [gcc_s]
  collapse library dir [/cvmfs/sft.cern.ch/lcg/contrib/gcc/4.9.3/x86_64-slc6/bin/../lib/gcc/x86_64-unknown-linux-gnu/4.9.3] ==> [/cvmfs/sft.cern.ch/lcg/contrib/gcc/4.9.3/x86_64-slc6/lib/gcc/x86_64-unknown-linux-gnu/4.9.3]
  collapse library dir [/cvmfs/sft.cern.ch/lcg/contrib/gcc/4.9.3/x86_64-slc6/bin/../lib/gcc] ==> [/cvmfs/sft.cern.ch/lcg/contrib/gcc/4.9.3/x86_64-slc6/lib/gcc]
  collapse library dir [/cvmfs/sft.cern.ch/lcg/contrib/gcc/4.9.3/x86_64-slc6/bin/../lib/gcc/x86_64-unknown-linux-gnu/4.9.3/../../../../lib64] ==> [/cvmfs/sft.cern.ch/lcg/contrib/gcc/4.9.3/x86_64-slc6/lib64]
  collapse library dir [/lib/../lib64] ==> [/lib64]
  collapse library dir [/usr/lib/../lib64] ==> [/usr/lib64]
  collapse library dir [/cvmfs/sft.cern.ch/lcg/contrib/gcc/4.9.3/x86_64-slc6/bin/../lib/gcc/x86_64-unknown-linux-gnu/4.9.3/../../..] ==> [/cvmfs/sft.cern.ch/lcg/contrib/gcc/4.9.3/x86_64-slc6/lib]
  implicit libs: [c]
  implicit dirs: [/cvmfs/sft.cern.ch/lcg/contrib/gcc/4.9.3/x86_64-slc6/lib/gcc/x86_64-unknown-linux-gnu/4.9.3;/cvmfs/sft.cern.ch/lcg/contrib/gcc/4.9.3/x86_64-slc6/lib/gcc;/cvmfs/sft.cern.ch/lcg/contrib/gcc/4.9.3/x86_64-slc6/lib64;/lib64;/usr/lib64;/cvmfs/sft.cern.ch/lcg/contrib/gcc/4.9.3/x86_64-slc6/lib]
  implicit fwks: []




Detecting C [-std=c11] compiler features compiled with the following output:
Change Dir: /afs/desy.de/user/s/sdharani/flc/eeZHqqbb/Hbb/build/CMakeFiles/CMakeTmp

Run Build Command:"/usr/bin/gmake" "cmTC_b3a1e/fast"
/usr/bin/gmake -f CMakeFiles/cmTC_b3a1e.dir/build.make CMakeFiles/cmTC_b3a1e.dir/build
gmake[1]: Entering directory `/afs/desy.de/user/s/sdharani/flc/eeZHqqbb/Hbb/build/CMakeFiles/CMakeTmp'
Building C object CMakeFiles/cmTC_b3a1e.dir/feature_tests.c.o
/cvmfs/sft.cern.ch/lcg/contrib/gcc/4.9.3/x86_64-slc6/bin/gcc    -std=c11 -o CMakeFiles/cmTC_b3a1e.dir/feature_tests.c.o   -c /afs/desy.de/user/s/sdharani/flc/eeZHqqbb/Hbb/build/CMakeFiles/feature_tests.c
Linking C executable cmTC_b3a1e
/cvmfs/ilc.desy.de/sw/x86_64_gcc49_sl6/CMake/3.6.3/bin/cmake -E cmake_link_script CMakeFiles/cmTC_b3a1e.dir/link.txt --verbose=1
/cvmfs/sft.cern.ch/lcg/contrib/gcc/4.9.3/x86_64-slc6/bin/gcc       CMakeFiles/cmTC_b3a1e.dir/feature_tests.c.o  -o cmTC_b3a1e -rdynamic 
gmake[1]: Leaving directory `/afs/desy.de/user/s/sdharani/flc/eeZHqqbb/Hbb/build/CMakeFiles/CMakeTmp'


    Feature record: C_FEATURE:1c_function_prototypes
    Feature record: C_FEATURE:1c_restrict
    Feature record: C_FEATURE:1c_static_assert
    Feature record: C_FEATURE:1c_variadic_macros


Detecting C [-std=c99] compiler features compiled with the following output:
Change Dir: /afs/desy.de/user/s/sdharani/flc/eeZHqqbb/Hbb/build/CMakeFiles/CMakeTmp

Run Build Command:"/usr/bin/gmake" "cmTC_2bb95/fast"
/usr/bin/gmake -f CMakeFiles/cmTC_2bb95.dir/build.make CMakeFiles/cmTC_2bb95.dir/build
gmake[1]: Entering directory `/afs/desy.de/user/s/sdharani/flc/eeZHqqbb/Hbb/build/CMakeFiles/CMakeTmp'
Building C object CMakeFiles/cmTC_2bb95.dir/feature_tests.c.o
/cvmfs/sft.cern.ch/lcg/contrib/gcc/4.9.3/x86_64-slc6/bin/gcc    -std=c99 -o CMakeFiles/cmTC_2bb95.dir/feature_tests.c.o   -c /afs/desy.de/user/s/sdharani/flc/eeZHqqbb/Hbb/build/CMakeFiles/feature_tests.c
Linking C executable cmTC_2bb95
/cvmfs/ilc.desy.de/sw/x86_64_gcc49_sl6/CMake/3.6.3/bin/cmake -E cmake_link_script CMakeFiles/cmTC_2bb95.dir/link.txt --verbose=1
/cvmfs/sft.cern.ch/lcg/contrib/gcc/4.9.3/x86_64-slc6/bin/gcc       CMakeFiles/cmTC_2bb95.dir/feature_tests.c.o  -o cmTC_2bb95 -rdynamic 
gmake[1]: Leaving directory `/afs/desy.de/user/s/sdharani/flc/eeZHqqbb/Hbb/build/CMakeFiles/CMakeTmp'


    Feature record: C_FEATURE:1c_function_prototypes
    Feature record: C_FEATURE:1c_restrict
    Feature record: C_FEATURE:0c_static_assert
    Feature record: C_FEATURE:1c_variadic_macros


Detecting C [-std=c90] compiler features compiled with the following output:
Change Dir: /afs/desy.de/user/s/sdharani/flc/eeZHqqbb/Hbb/build/CMakeFiles/CMakeTmp

Run Build Command:"/usr/bin/gmake" "cmTC_767f4/fast"
/usr/bin/gmake -f CMakeFiles/cmTC_767f4.dir/build.make CMakeFiles/cmTC_767f4.dir/build
gmake[1]: Entering directory `/afs/desy.de/user/s/sdharani/flc/eeZHqqbb/Hbb/build/CMakeFiles/CMakeTmp'
Building C object CMakeFiles/cmTC_767f4.dir/feature_tests.c.o
/cvmfs/sft.cern.ch/lcg/contrib/gcc/4.9.3/x86_64-slc6/bin/gcc    -std=c90 -o CMakeFiles/cmTC_767f4.dir/feature_tests.c.o   -c /afs/desy.de/user/s/sdharani/flc/eeZHqqbb/Hbb/build/CMakeFiles/feature_tests.c
Linking C executable cmTC_767f4
/cvmfs/ilc.desy.de/sw/x86_64_gcc49_sl6/CMake/3.6.3/bin/cmake -E cmake_link_script CMakeFiles/cmTC_767f4.dir/link.txt --verbose=1
/cvmfs/sft.cern.ch/lcg/contrib/gcc/4.9.3/x86_64-slc6/bin/gcc       CMakeFiles/cmTC_767f4.dir/feature_tests.c.o  -o cmTC_767f4 -rdynamic 
gmake[1]: Leaving directory `/afs/desy.de/user/s/sdharani/flc/eeZHqqbb/Hbb/build/CMakeFiles/CMakeTmp'


    Feature record: C_FEATURE:1c_function_prototypes
    Feature record: C_FEATURE:0c_restrict
    Feature record: C_FEATURE:0c_static_assert
    Feature record: C_FEATURE:0c_variadic_macros
Determining if the CXX compiler works passed with the following output:
Change Dir: /afs/desy.de/user/s/sdharani/flc/eeZHqqbb/Hbb/build/CMakeFiles/CMakeTmp

Run Build Command:"/usr/bin/gmake" "cmTC_7bbcd/fast"
/usr/bin/gmake -f CMakeFiles/cmTC_7bbcd.dir/build.make CMakeFiles/cmTC_7bbcd.dir/build
gmake[1]: Entering directory `/afs/desy.de/user/s/sdharani/flc/eeZHqqbb/Hbb/build/CMakeFiles/CMakeTmp'
Building CXX object CMakeFiles/cmTC_7bbcd.dir/testCXXCompiler.cxx.o
/cvmfs/sft.cern.ch/lcg/contrib/gcc/4.9.3/x86_64-slc6/bin/g++      -o CMakeFiles/cmTC_7bbcd.dir/testCXXCompiler.cxx.o -c /afs/desy.de/user/s/sdharani/flc/eeZHqqbb/Hbb/build/CMakeFiles/CMakeTmp/testCXXCompiler.cxx
Linking CXX executable cmTC_7bbcd
/cvmfs/ilc.desy.de/sw/x86_64_gcc49_sl6/CMake/3.6.3/bin/cmake -E cmake_link_script CMakeFiles/cmTC_7bbcd.dir/link.txt --verbose=1
/cvmfs/sft.cern.ch/lcg/contrib/gcc/4.9.3/x86_64-slc6/bin/g++        CMakeFiles/cmTC_7bbcd.dir/testCXXCompiler.cxx.o  -o cmTC_7bbcd -rdynamic 
gmake[1]: Leaving directory `/afs/desy.de/user/s/sdharani/flc/eeZHqqbb/Hbb/build/CMakeFiles/CMakeTmp'


Detecting CXX compiler ABI info compiled with the following output:
Change Dir: /afs/desy.de/user/s/sdharani/flc/eeZHqqbb/Hbb/build/CMakeFiles/CMakeTmp

Run Build Command:"/usr/bin/gmake" "cmTC_b3e92/fast"
/usr/bin/gmake -f CMakeFiles/cmTC_b3e92.dir/build.make CMakeFiles/cmTC_b3e92.dir/build
gmake[1]: Entering directory `/afs/desy.de/user/s/sdharani/flc/eeZHqqbb/Hbb/build/CMakeFiles/CMakeTmp'
Building CXX object CMakeFiles/cmTC_b3e92.dir/CMakeCXXCompilerABI.cpp.o
/cvmfs/sft.cern.ch/lcg/contrib/gcc/4.9.3/x86_64-slc6/bin/g++      -o CMakeFiles/cmTC_b3e92.dir/CMakeCXXCompilerABI.cpp.o -c /cvmfs/ilc.desy.de/sw/x86_64_gcc49_sl6/CMake/3.6.3/share/cmake-3.6/Modules/CMakeCXXCompilerABI.cpp
Linking CXX executable cmTC_b3e92
/cvmfs/ilc.desy.de/sw/x86_64_gcc49_sl6/CMake/3.6.3/bin/cmake -E cmake_link_script CMakeFiles/cmTC_b3e92.dir/link.txt --verbose=1
/cvmfs/sft.cern.ch/lcg/contrib/gcc/4.9.3/x86_64-slc6/bin/g++       -v CMakeFiles/cmTC_b3e92.dir/CMakeCXXCompilerABI.cpp.o  -o cmTC_b3e92 -rdynamic  
Using built-in specs.
COLLECT_GCC=/cvmfs/sft.cern.ch/lcg/contrib/gcc/4.9.3/x86_64-slc6/bin/g++
COLLECT_LTO_WRAPPER=/cvmfs/sft.cern.ch/lcg/contrib/gcc/4.9.3/x86_64-slc6/bin/../libexec/gcc/x86_64-unknown-linux-gnu/4.9.3/lto-wrapper
Target: x86_64-unknown-linux-gnu
Configured with: ../gcc-4.9.3/configure --prefix=/build/pmendez-sftnight/install-493/ --with-system-zlib --disable-multilib --enable-languages=all
Thread model: posix
gcc version 4.9.3 (GCC) 
COMPILER_PATH=/cvmfs/sft.cern.ch/lcg/contrib/gcc/4.9.3/x86_64-slc6/bin/../libexec/gcc/x86_64-unknown-linux-gnu/4.9.3/:/cvmfs/sft.cern.ch/lcg/contrib/gcc/4.9.3/x86_64-slc6/bin/../libexec/gcc/
LIBRARY_PATH=/cvmfs/sft.cern.ch/lcg/contrib/gcc/4.9.3/x86_64-slc6/bin/../lib/gcc/x86_64-unknown-linux-gnu/4.9.3/:/cvmfs/sft.cern.ch/lcg/contrib/gcc/4.9.3/x86_64-slc6/bin/../lib/gcc/:/cvmfs/sft.cern.ch/lcg/contrib/gcc/4.9.3/x86_64-slc6/bin/../lib/gcc/x86_64-unknown-linux-gnu/4.9.3/../../../../lib64/:/lib/../lib64/:/usr/lib/../lib64/:/cvmfs/sft.cern.ch/lcg/contrib/gcc/4.9.3/x86_64-slc6/bin/../lib/gcc/x86_64-unknown-linux-gnu/4.9.3/../../../:/lib/:/usr/lib/
COLLECT_GCC_OPTIONS='-v' '-o' 'cmTC_b3e92' '-rdynamic' '-shared-libgcc' '-mtune=generic' '-march=x86-64'
 /cvmfs/sft.cern.ch/lcg/contrib/gcc/4.9.3/x86_64-slc6/bin/../libexec/gcc/x86_64-unknown-linux-gnu/4.9.3/collect2 --eh-frame-hdr -m elf_x86_64 -export-dynamic -dynamic-linker /lib64/ld-linux-x86-64.so.2 -o cmTC_b3e92 /usr/lib/../lib64/crt1.o /usr/lib/../lib64/crti.o /cvmfs/sft.cern.ch/lcg/contrib/gcc/4.9.3/x86_64-slc6/bin/../lib/gcc/x86_64-unknown-linux-gnu/4.9.3/crtbegin.o -L/cvmfs/sft.cern.ch/lcg/contrib/gcc/4.9.3/x86_64-slc6/bin/../lib/gcc/x86_64-unknown-linux-gnu/4.9.3 -L/cvmfs/sft.cern.ch/lcg/contrib/gcc/4.9.3/x86_64-slc6/bin/../lib/gcc -L/cvmfs/sft.cern.ch/lcg/contrib/gcc/4.9.3/x86_64-slc6/bin/../lib/gcc/x86_64-unknown-linux-gnu/4.9.3/../../../../lib64 -L/lib/../lib64 -L/usr/lib/../lib64 -L/cvmfs/sft.cern.ch/lcg/contrib/gcc/4.9.3/x86_64-slc6/bin/../lib/gcc/x86_64-unknown-linux-gnu/4.9.3/../../.. CMakeFiles/cmTC_b3e92.dir/CMakeCXXCompilerABI.cpp.o -lstdc++ -lm -lgcc_s -lgcc -lc -lgcc_s -lgcc /cvmfs/sft.cern.ch/lcg/contrib/gcc/4.9.3/x86_64-slc6/bin/../lib/gcc/x86_64-unknown-linux-gnu/4.9.3/crtend.o /usr/lib/../lib64/crtn.o
gmake[1]: Leaving directory `/afs/desy.de/user/s/sdharani/flc/eeZHqqbb/Hbb/build/CMakeFiles/CMakeTmp'


Parsed CXX implicit link information from above output:
  link line regex: [^( *|.*[/\])(ld|([^/\]+-)?ld|collect2)[^/\]*( |$)]
  ignore line: [Change Dir: /afs/desy.de/user/s/sdharani/flc/eeZHqqbb/Hbb/build/CMakeFiles/CMakeTmp]
  ignore line: []
  ignore line: [Run Build Command:"/usr/bin/gmake" "cmTC_b3e92/fast"]
  ignore line: [/usr/bin/gmake -f CMakeFiles/cmTC_b3e92.dir/build.make CMakeFiles/cmTC_b3e92.dir/build]
  ignore line: [gmake[1]: Entering directory `/afs/desy.de/user/s/sdharani/flc/eeZHqqbb/Hbb/build/CMakeFiles/CMakeTmp']
  ignore line: [Building CXX object CMakeFiles/cmTC_b3e92.dir/CMakeCXXCompilerABI.cpp.o]
  ignore line: [/cvmfs/sft.cern.ch/lcg/contrib/gcc/4.9.3/x86_64-slc6/bin/g++      -o CMakeFiles/cmTC_b3e92.dir/CMakeCXXCompilerABI.cpp.o -c /cvmfs/ilc.desy.de/sw/x86_64_gcc49_sl6/CMake/3.6.3/share/cmake-3.6/Modules/CMakeCXXCompilerABI.cpp]
  ignore line: [Linking CXX executable cmTC_b3e92]
  ignore line: [/cvmfs/ilc.desy.de/sw/x86_64_gcc49_sl6/CMake/3.6.3/bin/cmake -E cmake_link_script CMakeFiles/cmTC_b3e92.dir/link.txt --verbose=1]
  ignore line: [/cvmfs/sft.cern.ch/lcg/contrib/gcc/4.9.3/x86_64-slc6/bin/g++       -v CMakeFiles/cmTC_b3e92.dir/CMakeCXXCompilerABI.cpp.o  -o cmTC_b3e92 -rdynamic  ]
  ignore line: [Using built-in specs.]
  ignore line: [COLLECT_GCC=/cvmfs/sft.cern.ch/lcg/contrib/gcc/4.9.3/x86_64-slc6/bin/g++]
  ignore line: [COLLECT_LTO_WRAPPER=/cvmfs/sft.cern.ch/lcg/contrib/gcc/4.9.3/x86_64-slc6/bin/../libexec/gcc/x86_64-unknown-linux-gnu/4.9.3/lto-wrapper]
  ignore line: [Target: x86_64-unknown-linux-gnu]
  ignore line: [Configured with: ../gcc-4.9.3/configure --prefix=/build/pmendez-sftnight/install-493/ --with-system-zlib --disable-multilib --enable-languages=all]
  ignore line: [Thread model: posix]
  ignore line: [gcc version 4.9.3 (GCC) ]
  ignore line: [COMPILER_PATH=/cvmfs/sft.cern.ch/lcg/contrib/gcc/4.9.3/x86_64-slc6/bin/../libexec/gcc/x86_64-unknown-linux-gnu/4.9.3/:/cvmfs/sft.cern.ch/lcg/contrib/gcc/4.9.3/x86_64-slc6/bin/../libexec/gcc/]
  ignore line: [LIBRARY_PATH=/cvmfs/sft.cern.ch/lcg/contrib/gcc/4.9.3/x86_64-slc6/bin/../lib/gcc/x86_64-unknown-linux-gnu/4.9.3/:/cvmfs/sft.cern.ch/lcg/contrib/gcc/4.9.3/x86_64-slc6/bin/../lib/gcc/:/cvmfs/sft.cern.ch/lcg/contrib/gcc/4.9.3/x86_64-slc6/bin/../lib/gcc/x86_64-unknown-linux-gnu/4.9.3/../../../../lib64/:/lib/../lib64/:/usr/lib/../lib64/:/cvmfs/sft.cern.ch/lcg/contrib/gcc/4.9.3/x86_64-slc6/bin/../lib/gcc/x86_64-unknown-linux-gnu/4.9.3/../../../:/lib/:/usr/lib/]
  ignore line: [COLLECT_GCC_OPTIONS='-v' '-o' 'cmTC_b3e92' '-rdynamic' '-shared-libgcc' '-mtune=generic' '-march=x86-64']
  link line: [ /cvmfs/sft.cern.ch/lcg/contrib/gcc/4.9.3/x86_64-slc6/bin/../libexec/gcc/x86_64-unknown-linux-gnu/4.9.3/collect2 --eh-frame-hdr -m elf_x86_64 -export-dynamic -dynamic-linker /lib64/ld-linux-x86-64.so.2 -o cmTC_b3e92 /usr/lib/../lib64/crt1.o /usr/lib/../lib64/crti.o /cvmfs/sft.cern.ch/lcg/contrib/gcc/4.9.3/x86_64-slc6/bin/../lib/gcc/x86_64-unknown-linux-gnu/4.9.3/crtbegin.o -L/cvmfs/sft.cern.ch/lcg/contrib/gcc/4.9.3/x86_64-slc6/bin/../lib/gcc/x86_64-unknown-linux-gnu/4.9.3 -L/cvmfs/sft.cern.ch/lcg/contrib/gcc/4.9.3/x86_64-slc6/bin/../lib/gcc -L/cvmfs/sft.cern.ch/lcg/contrib/gcc/4.9.3/x86_64-slc6/bin/../lib/gcc/x86_64-unknown-linux-gnu/4.9.3/../../../../lib64 -L/lib/../lib64 -L/usr/lib/../lib64 -L/cvmfs/sft.cern.ch/lcg/contrib/gcc/4.9.3/x86_64-slc6/bin/../lib/gcc/x86_64-unknown-linux-gnu/4.9.3/../../.. CMakeFiles/cmTC_b3e92.dir/CMakeCXXCompilerABI.cpp.o -lstdc++ -lm -lgcc_s -lgcc -lc -lgcc_s -lgcc /cvmfs/sft.cern.ch/lcg/contrib/gcc/4.9.3/x86_64-slc6/bin/../lib/gcc/x86_64-unknown-linux-gnu/4.9.3/crtend.o /usr/lib/../lib64/crtn.o]
    arg [/cvmfs/sft.cern.ch/lcg/contrib/gcc/4.9.3/x86_64-slc6/bin/../libexec/gcc/x86_64-unknown-linux-gnu/4.9.3/collect2] ==> ignore
    arg [--eh-frame-hdr] ==> ignore
    arg [-m] ==> ignore
    arg [elf_x86_64] ==> ignore
    arg [-export-dynamic] ==> ignore
    arg [-dynamic-linker] ==> ignore
    arg [/lib64/ld-linux-x86-64.so.2] ==> ignore
    arg [-o] ==> ignore
    arg [cmTC_b3e92] ==> ignore
    arg [/usr/lib/../lib64/crt1.o] ==> ignore
    arg [/usr/lib/../lib64/crti.o] ==> ignore
    arg [/cvmfs/sft.cern.ch/lcg/contrib/gcc/4.9.3/x86_64-slc6/bin/../lib/gcc/x86_64-unknown-linux-gnu/4.9.3/crtbegin.o] ==> ignore
    arg [-L/cvmfs/sft.cern.ch/lcg/contrib/gcc/4.9.3/x86_64-slc6/bin/../lib/gcc/x86_64-unknown-linux-gnu/4.9.3] ==> dir [/cvmfs/sft.cern.ch/lcg/contrib/gcc/4.9.3/x86_64-slc6/bin/../lib/gcc/x86_64-unknown-linux-gnu/4.9.3]
    arg [-L/cvmfs/sft.cern.ch/lcg/contrib/gcc/4.9.3/x86_64-slc6/bin/../lib/gcc] ==> dir [/cvmfs/sft.cern.ch/lcg/contrib/gcc/4.9.3/x86_64-slc6/bin/../lib/gcc]
    arg [-L/cvmfs/sft.cern.ch/lcg/contrib/gcc/4.9.3/x86_64-slc6/bin/../lib/gcc/x86_64-unknown-linux-gnu/4.9.3/../../../../lib64] ==> dir [/cvmfs/sft.cern.ch/lcg/contrib/gcc/4.9.3/x86_64-slc6/bin/../lib/gcc/x86_64-unknown-linux-gnu/4.9.3/../../../../lib64]
    arg [-L/lib/../lib64] ==> dir [/lib/../lib64]
    arg [-L/usr/lib/../lib64] ==> dir [/usr/lib/../lib64]
    arg [-L/cvmfs/sft.cern.ch/lcg/contrib/gcc/4.9.3/x86_64-slc6/bin/../lib/gcc/x86_64-unknown-linux-gnu/4.9.3/../../..] ==> dir [/cvmfs/sft.cern.ch/lcg/contrib/gcc/4.9.3/x86_64-slc6/bin/../lib/gcc/x86_64-unknown-linux-gnu/4.9.3/../../..]
    arg [CMakeFiles/cmTC_b3e92.dir/CMakeCXXCompilerABI.cpp.o] ==> ignore
    arg [-lstdc++] ==> lib [stdc++]
    arg [-lm] ==> lib [m]
    arg [-lgcc_s] ==> lib [gcc_s]
    arg [-lgcc] ==> lib [gcc]
    arg [-lc] ==> lib [c]
    arg [-lgcc_s] ==> lib [gcc_s]
    arg [-lgcc] ==> lib [gcc]
    arg [/cvmfs/sft.cern.ch/lcg/contrib/gcc/4.9.3/x86_64-slc6/bin/../lib/gcc/x86_64-unknown-linux-gnu/4.9.3/crtend.o] ==> ignore
    arg [/usr/lib/../lib64/crtn.o] ==> ignore
  remove lib [gcc_s]
  remove lib [gcc]
  remove lib [gcc_s]
  remove lib [gcc]
  collapse library dir [/cvmfs/sft.cern.ch/lcg/contrib/gcc/4.9.3/x86_64-slc6/bin/../lib/gcc/x86_64-unknown-linux-gnu/4.9.3] ==> [/cvmfs/sft.cern.ch/lcg/contrib/gcc/4.9.3/x86_64-slc6/lib/gcc/x86_64-unknown-linux-gnu/4.9.3]
  collapse library dir [/cvmfs/sft.cern.ch/lcg/contrib/gcc/4.9.3/x86_64-slc6/bin/../lib/gcc] ==> [/cvmfs/sft.cern.ch/lcg/contrib/gcc/4.9.3/x86_64-slc6/lib/gcc]
  collapse library dir [/cvmfs/sft.cern.ch/lcg/contrib/gcc/4.9.3/x86_64-slc6/bin/../lib/gcc/x86_64-unknown-linux-gnu/4.9.3/../../../../lib64] ==> [/cvmfs/sft.cern.ch/lcg/contrib/gcc/4.9.3/x86_64-slc6/lib64]
  collapse library dir [/lib/../lib64] ==> [/lib64]
  collapse library dir [/usr/lib/../lib64] ==> [/usr/lib64]
  collapse library dir [/cvmfs/sft.cern.ch/lcg/contrib/gcc/4.9.3/x86_64-slc6/bin/../lib/gcc/x86_64-unknown-linux-gnu/4.9.3/../../..] ==> [/cvmfs/sft.cern.ch/lcg/contrib/gcc/4.9.3/x86_64-slc6/lib]
  implicit libs: [stdc++;m;c]
  implicit dirs: [/cvmfs/sft.cern.ch/lcg/contrib/gcc/4.9.3/x86_64-slc6/lib/gcc/x86_64-unknown-linux-gnu/4.9.3;/cvmfs/sft.cern.ch/lcg/contrib/gcc/4.9.3/x86_64-slc6/lib/gcc;/cvmfs/sft.cern.ch/lcg/contrib/gcc/4.9.3/x86_64-slc6/lib64;/lib64;/usr/lib64;/cvmfs/sft.cern.ch/lcg/contrib/gcc/4.9.3/x86_64-slc6/lib]
  implicit fwks: []




Detecting CXX [-std=c++14] compiler features compiled with the following output:
Change Dir: /afs/desy.de/user/s/sdharani/flc/eeZHqqbb/Hbb/build/CMakeFiles/CMakeTmp

Run Build Command:"/usr/bin/gmake" "cmTC_e9c86/fast"
/usr/bin/gmake -f CMakeFiles/cmTC_e9c86.dir/build.make CMakeFiles/cmTC_e9c86.dir/build
gmake[1]: Entering directory `/afs/desy.de/user/s/sdharani/flc/eeZHqqbb/Hbb/build/CMakeFiles/CMakeTmp'
Building CXX object CMakeFiles/cmTC_e9c86.dir/feature_tests.cxx.o
/cvmfs/sft.cern.ch/lcg/contrib/gcc/4.9.3/x86_64-slc6/bin/g++     -std=c++14 -o CMakeFiles/cmTC_e9c86.dir/feature_tests.cxx.o -c /afs/desy.de/user/s/sdharani/flc/eeZHqqbb/Hbb/build/CMakeFiles/feature_tests.cxx
Linking CXX executable cmTC_e9c86
/cvmfs/ilc.desy.de/sw/x86_64_gcc49_sl6/CMake/3.6.3/bin/cmake -E cmake_link_script CMakeFiles/cmTC_e9c86.dir/link.txt --verbose=1
/cvmfs/sft.cern.ch/lcg/contrib/gcc/4.9.3/x86_64-slc6/bin/g++        CMakeFiles/cmTC_e9c86.dir/feature_tests.cxx.o  -o cmTC_e9c86 -rdynamic 
gmake[1]: Leaving directory `/afs/desy.de/user/s/sdharani/flc/eeZHqqbb/Hbb/build/CMakeFiles/CMakeTmp'


    Feature record: CXX_FEATURE:0cxx_aggregate_default_initializers
    Feature record: CXX_FEATURE:1cxx_alias_templates
    Feature record: CXX_FEATURE:1cxx_alignas
    Feature record: CXX_FEATURE:1cxx_alignof
    Feature record: CXX_FEATURE:1cxx_attributes
    Feature record: CXX_FEATURE:1cxx_attribute_deprecated
    Feature record: CXX_FEATURE:1cxx_auto_type
    Feature record: CXX_FEATURE:1cxx_binary_literals
    Feature record: CXX_FEATURE:1cxx_constexpr
    Feature record: CXX_FEATURE:1cxx_contextual_conversions
    Feature record: CXX_FEATURE:1cxx_decltype
    Feature record: CXX_FEATURE:1cxx_decltype_auto
    Feature record: CXX_FEATURE:1cxx_decltype_incomplete_return_types
    Feature record: CXX_FEATURE:1cxx_default_function_template_args
    Feature record: CXX_FEATURE:1cxx_defaulted_functions
    Feature record: CXX_FEATURE:1cxx_defaulted_move_initializers
    Feature record: CXX_FEATURE:1cxx_delegating_constructors
    Feature record: CXX_FEATURE:1cxx_deleted_functions
    Feature record: CXX_FEATURE:1cxx_digit_separators
    Feature record: CXX_FEATURE:1cxx_enum_forward_declarations
    Feature record: CXX_FEATURE:1cxx_explicit_conversions
    Feature record: CXX_FEATURE:1cxx_extended_friend_declarations
    Feature record: CXX_FEATURE:1cxx_extern_templates
    Feature record: CXX_FEATURE:1cxx_final
    Feature record: CXX_FEATURE:1cxx_func_identifier
    Feature record: CXX_FEATURE:1cxx_generalized_initializers
    Feature record: CXX_FEATURE:1cxx_generic_lambdas
    Feature record: CXX_FEATURE:1cxx_inheriting_constructors
    Feature record: CXX_FEATURE:1cxx_inline_namespaces
    Feature record: CXX_FEATURE:1cxx_lambdas
    Feature record: CXX_FEATURE:1cxx_lambda_init_captures
    Feature record: CXX_FEATURE:1cxx_local_type_template_args
    Feature record: CXX_FEATURE:1cxx_long_long_type
    Feature record: CXX_FEATURE:1cxx_noexcept
    Feature record: CXX_FEATURE:1cxx_nonstatic_member_init
    Feature record: CXX_FEATURE:1cxx_nullptr
    Feature record: CXX_FEATURE:1cxx_override
    Feature record: CXX_FEATURE:1cxx_range_for
    Feature record: CXX_FEATURE:1cxx_raw_string_literals
    Feature record: CXX_FEATURE:1cxx_reference_qualified_functions
    Feature record: CXX_FEATURE:0cxx_relaxed_constexpr
    Feature record: CXX_FEATURE:1cxx_return_type_deduction
    Feature record: CXX_FEATURE:1cxx_right_angle_brackets
    Feature record: CXX_FEATURE:1cxx_rvalue_references
    Feature record: CXX_FEATURE:1cxx_sizeof_member
    Feature record: CXX_FEATURE:1cxx_static_assert
    Feature record: CXX_FEATURE:1cxx_strong_enums
    Feature record: CXX_FEATURE:1cxx_template_template_parameters
    Feature record: CXX_FEATURE:1cxx_thread_local
    Feature record: CXX_FEATURE:1cxx_trailing_return_types
    Feature record: CXX_FEATURE:1cxx_unicode_literals
    Feature record: CXX_FEATURE:1cxx_uniform_initialization
    Feature record: CXX_FEATURE:1cxx_unrestricted_unions
    Feature record: CXX_FEATURE:1cxx_user_literals
    Feature record: CXX_FEATURE:0cxx_variable_templates
    Feature record: CXX_FEATURE:1cxx_variadic_macros
    Feature record: CXX_FEATURE:1cxx_variadic_templates


Detecting CXX [-std=c++11] compiler features compiled with the following output:
Change Dir: /afs/desy.de/user/s/sdharani/flc/eeZHqqbb/Hbb/build/CMakeFiles/CMakeTmp

Run Build Command:"/usr/bin/gmake" "cmTC_3c6fc/fast"
/usr/bin/gmake -f CMakeFiles/cmTC_3c6fc.dir/build.make CMakeFiles/cmTC_3c6fc.dir/build
gmake[1]: Entering directory `/afs/desy.de/user/s/sdharani/flc/eeZHqqbb/Hbb/build/CMakeFiles/CMakeTmp'
Building CXX object CMakeFiles/cmTC_3c6fc.dir/feature_tests.cxx.o
/cvmfs/sft.cern.ch/lcg/contrib/gcc/4.9.3/x86_64-slc6/bin/g++     -std=c++11 -o CMakeFiles/cmTC_3c6fc.dir/feature_tests.cxx.o -c /afs/desy.de/user/s/sdharani/flc/eeZHqqbb/Hbb/build/CMakeFiles/feature_tests.cxx
Linking CXX executable cmTC_3c6fc
/cvmfs/ilc.desy.de/sw/x86_64_gcc49_sl6/CMake/3.6.3/bin/cmake -E cmake_link_script CMakeFiles/cmTC_3c6fc.dir/link.txt --verbose=1
/cvmfs/sft.cern.ch/lcg/contrib/gcc/4.9.3/x86_64-slc6/bin/g++        CMakeFiles/cmTC_3c6fc.dir/feature_tests.cxx.o  -o cmTC_3c6fc -rdynamic 
gmake[1]: Leaving directory `/afs/desy.de/user/s/sdharani/flc/eeZHqqbb/Hbb/build/CMakeFiles/CMakeTmp'


    Feature record: CXX_FEATURE:0cxx_aggregate_default_initializers
    Feature record: CXX_FEATURE:1cxx_alias_templates
    Feature record: CXX_FEATURE:1cxx_alignas
    Feature record: CXX_FEATURE:1cxx_alignof
    Feature record: CXX_FEATURE:1cxx_attributes
    Feature record: CXX_FEATURE:0cxx_attribute_deprecated
    Feature record: CXX_FEATURE:1cxx_auto_type
    Feature record: CXX_FEATURE:0cxx_binary_literals
    Feature record: CXX_FEATURE:1cxx_constexpr
    Feature record: CXX_FEATURE:0cxx_contextual_conversions
    Feature record: CXX_FEATURE:1cxx_decltype
    Feature record: CXX_FEATURE:0cxx_decltype_auto
    Feature record: CXX_FEATURE:1cxx_decltype_incomplete_return_types
    Feature record: CXX_FEATURE:1cxx_default_function_template_args
    Feature record: CXX_FEATURE:1cxx_defaulted_functions
    Feature record: CXX_FEATURE:1cxx_defaulted_move_initializers
    Feature record: CXX_FEATURE:1cxx_delegating_constructors
    Feature record: CXX_FEATURE:1cxx_deleted_functions
    Feature record: CXX_FEATURE:0cxx_digit_separators
    Feature record: CXX_FEATURE:1cxx_enum_forward_declarations
    Feature record: CXX_FEATURE:1cxx_explicit_conversions
    Feature record: CXX_FEATURE:1cxx_extended_friend_declarations
    Feature record: CXX_FEATURE:1cxx_extern_templates
    Feature record: CXX_FEATURE:1cxx_final
    Feature record: CXX_FEATURE:1cxx_func_identifier
    Feature record: CXX_FEATURE:1cxx_generalized_initializers
    Feature record: CXX_FEATURE:0cxx_generic_lambdas
    Feature record: CXX_FEATURE:1cxx_inheriting_constructors
    Feature record: CXX_FEATURE:1cxx_inline_namespaces
    Feature record: CXX_FEATURE:1cxx_lambdas
    Feature record: CXX_FEATURE:0cxx_lambda_init_captures
    Feature record: CXX_FEATURE:1cxx_local_type_template_args
    Feature record: CXX_FEATURE:1cxx_long_long_type
    Feature record: CXX_FEATURE:1cxx_noexcept
    Feature record: CXX_FEATURE:1cxx_nonstatic_member_init
    Feature record: CXX_FEATURE:1cxx_nullptr
    Feature record: CXX_FEATURE:1cxx_override
    Feature record: CXX_FEATURE:1cxx_range_for
    Feature record: CXX_FEATURE:1cxx_raw_string_literals
    Feature record: CXX_FEATURE:1cxx_reference_qualified_functions
    Feature record: CXX_FEATURE:0cxx_relaxed_constexpr
    Feature record: CXX_FEATURE:0cxx_return_type_deduction
    Feature record: CXX_FEATURE:1cxx_right_angle_brackets
    Feature record: CXX_FEATURE:1cxx_rvalue_references
    Feature record: CXX_FEATURE:1cxx_sizeof_member
    Feature record: CXX_FEATURE:1cxx_static_assert
    Feature record: CXX_FEATURE:1cxx_strong_enums
    Feature record: CXX_FEATURE:1cxx_template_template_parameters
    Feature record: CXX_FEATURE:1cxx_thread_local
    Feature record: CXX_FEATURE:1cxx_trailing_return_types
    Feature record: CXX_FEATURE:1cxx_unicode_literals
    Feature record: CXX_FEATURE:1cxx_uniform_initialization
    Feature record: CXX_FEATURE:1cxx_unrestricted_unions
    Feature record: CXX_FEATURE:1cxx_user_literals
    Feature record: CXX_FEATURE:0cxx_variable_templates
    Feature record: CXX_FEATURE:1cxx_variadic_macros
    Feature record: CXX_FEATURE:1cxx_variadic_templates


Detecting CXX [-std=c++98] compiler features compiled with the following output:
Change Dir: /afs/desy.de/user/s/sdharani/flc/eeZHqqbb/Hbb/build/CMakeFiles/CMakeTmp

Run Build Command:"/usr/bin/gmake" "cmTC_98788/fast"
/usr/bin/gmake -f CMakeFiles/cmTC_98788.dir/build.make CMakeFiles/cmTC_98788.dir/build
gmake[1]: Entering directory `/afs/desy.de/user/s/sdharani/flc/eeZHqqbb/Hbb/build/CMakeFiles/CMakeTmp'
Building CXX object CMakeFiles/cmTC_98788.dir/feature_tests.cxx.o
/cvmfs/sft.cern.ch/lcg/contrib/gcc/4.9.3/x86_64-slc6/bin/g++     -std=c++98 -o CMakeFiles/cmTC_98788.dir/feature_tests.cxx.o -c /afs/desy.de/user/s/sdharani/flc/eeZHqqbb/Hbb/build/CMakeFiles/feature_tests.cxx
Linking CXX executable cmTC_98788
/cvmfs/ilc.desy.de/sw/x86_64_gcc49_sl6/CMake/3.6.3/bin/cmake -E cmake_link_script CMakeFiles/cmTC_98788.dir/link.txt --verbose=1
/cvmfs/sft.cern.ch/lcg/contrib/gcc/4.9.3/x86_64-slc6/bin/g++        CMakeFiles/cmTC_98788.dir/feature_tests.cxx.o  -o cmTC_98788 -rdynamic 
gmake[1]: Leaving directory `/afs/desy.de/user/s/sdharani/flc/eeZHqqbb/Hbb/build/CMakeFiles/CMakeTmp'


    Feature record: CXX_FEATURE:0cxx_aggregate_default_initializers
    Feature record: CXX_FEATURE:0cxx_alias_templates
    Feature record: CXX_FEATURE:0cxx_alignas
    Feature record: CXX_FEATURE:0cxx_alignof
    Feature record: CXX_FEATURE:0cxx_attributes
    Feature record: CXX_FEATURE:0cxx_attribute_deprecated
    Feature record: CXX_FEATURE:0cxx_auto_type
    Feature record: CXX_FEATURE:0cxx_binary_literals
    Feature record: CXX_FEATURE:0cxx_constexpr
    Feature record: CXX_FEATURE:0cxx_contextual_conversions
    Feature record: CXX_FEATURE:0cxx_decltype
    Feature record: CXX_FEATURE:0cxx_decltype_auto
    Feature record: CXX_FEATURE:0cxx_decltype_incomplete_return_types
    Feature record: CXX_FEATURE:0cxx_default_function_template_args
    Feature record: CXX_FEATURE:0cxx_defaulted_functions
    Feature record: CXX_FEATURE:0cxx_defaulted_move_initializers
    Feature record: CXX_FEATURE:0cxx_delegating_constructors
    Feature record: CXX_FEATURE:0cxx_deleted_functions
    Feature record: CXX_FEATURE:0cxx_digit_separators
    Feature record: CXX_FEATURE:0cxx_enum_forward_declarations
    Feature record: CXX_FEATURE:0cxx_explicit_conversions
    Feature record: CXX_FEATURE:0cxx_extended_friend_declarations
    Feature record: CXX_FEATURE:0cxx_extern_templates
    Feature record: CXX_FEATURE:0cxx_final
    Feature record: CXX_FEATURE:0cxx_func_identifier
    Feature record: CXX_FEATURE:0cxx_generalized_initializers
    Feature record: CXX_FEATURE:0cxx_generic_lambdas
    Feature record: CXX_FEATURE:0cxx_inheriting_constructors
    Feature record: CXX_FEATURE:0cxx_inline_namespaces
    Feature record: CXX_FEATURE:0cxx_lambdas
    Feature record: CXX_FEATURE:0cxx_lambda_init_captures
    Feature record: CXX_FEATURE:0cxx_local_type_template_args
    Feature record: CXX_FEATURE:0cxx_long_long_type
    Feature record: CXX_FEATURE:0cxx_noexcept
    Feature record: CXX_FEATURE:0cxx_nonstatic_member_init
    Feature record: CXX_FEATURE:0cxx_nullptr
    Feature record: CXX_FEATURE:0cxx_override
    Feature record: CXX_FEATURE:0cxx_range_for
    Feature record: CXX_FEATURE:0cxx_raw_string_literals
    Feature record: CXX_FEATURE:0cxx_reference_qualified_functions
    Feature record: CXX_FEATURE:0cxx_relaxed_constexpr
    Feature record: CXX_FEATURE:0cxx_return_type_deduction
    Feature record: CXX_FEATURE:0cxx_right_angle_brackets
    Feature record: CXX_FEATURE:0cxx_rvalue_references
    Feature record: CXX_FEATURE:0cxx_sizeof_member
    Feature record: CXX_FEATURE:0cxx_static_assert
    Feature record: CXX_FEATURE:0cxx_strong_enums
    Feature record: CXX_FEATURE:1cxx_template_template_parameters
    Feature record: CXX_FEATURE:0cxx_thread_local
    Feature record: CXX_FEATURE:0cxx_trailing_return_types
    Feature record: CXX_FEATURE:0cxx_unicode_literals
    Feature record: CXX_FEATURE:0cxx_uniform_initialization
    Feature record: CXX_FEATURE:0cxx_unrestricted_unions
    Feature record: CXX_FEATURE:0cxx_user_literals
    Feature record: CXX_FEATURE:0cxx_variable_templates
    Feature record: CXX_FEATURE:0cxx_variadic_macros
    Feature record: CXX_FEATURE:0cxx_variadic_templates
Performing C++ SOURCE FILE Test CXX_FLAG_WORKS__Wall succeeded with the following output:
Change Dir: /afs/desy.de/user/s/sdharani/flc/eeZHqqbb/Hbb/build/CMakeFiles/CMakeTmp

Run Build Command:"/usr/bin/gmake" "cmTC_45655/fast"
/usr/bin/gmake -f CMakeFiles/cmTC_45655.dir/build.make CMakeFiles/cmTC_45655.dir/build
gmake[1]: Entering directory `/afs/desy.de/user/s/sdharani/flc/eeZHqqbb/Hbb/build/CMakeFiles/CMakeTmp'
Building CXX object CMakeFiles/cmTC_45655.dir/src.cxx.o
/cvmfs/sft.cern.ch/lcg/contrib/gcc/4.9.3/x86_64-slc6/bin/g++     -DCXX_FLAG_WORKS__Wall   -Wall -o CMakeFiles/cmTC_45655.dir/src.cxx.o -c /afs/desy.de/user/s/sdharani/flc/eeZHqqbb/Hbb/build/CMakeFiles/CMakeTmp/src.cxx
Linking CXX executable cmTC_45655
/cvmfs/ilc.desy.de/sw/x86_64_gcc49_sl6/CMake/3.6.3/bin/cmake -E cmake_link_script CMakeFiles/cmTC_45655.dir/link.txt --verbose=1
/cvmfs/sft.cern.ch/lcg/contrib/gcc/4.9.3/x86_64-slc6/bin/g++    -DCXX_FLAG_WORKS__Wall    CMakeFiles/cmTC_45655.dir/src.cxx.o  -o cmTC_45655 -rdynamic 
gmake[1]: Leaving directory `/afs/desy.de/user/s/sdharani/flc/eeZHqqbb/Hbb/build/CMakeFiles/CMakeTmp'

Source file was:
int main() { return 0; }
Performing C++ SOURCE FILE Test CXX_FLAG_WORKS__Wextra succeeded with the following output:
Change Dir: /afs/desy.de/user/s/sdharani/flc/eeZHqqbb/Hbb/build/CMakeFiles/CMakeTmp

Run Build Command:"/usr/bin/gmake" "cmTC_ebe01/fast"
/usr/bin/gmake -f CMakeFiles/cmTC_ebe01.dir/build.make CMakeFiles/cmTC_ebe01.dir/build
gmake[1]: Entering directory `/afs/desy.de/user/s/sdharani/flc/eeZHqqbb/Hbb/build/CMakeFiles/CMakeTmp'
Building CXX object CMakeFiles/cmTC_ebe01.dir/src.cxx.o
/cvmfs/sft.cern.ch/lcg/contrib/gcc/4.9.3/x86_64-slc6/bin/g++     -Wall  -DCXX_FLAG_WORKS__Wextra   -Wextra -o CMakeFiles/cmTC_ebe01.dir/src.cxx.o -c /afs/desy.de/user/s/sdharani/flc/eeZHqqbb/Hbb/build/CMakeFiles/CMakeTmp/src.cxx
Linking CXX executable cmTC_ebe01
/cvmfs/ilc.desy.de/sw/x86_64_gcc49_sl6/CMake/3.6.3/bin/cmake -E cmake_link_script CMakeFiles/cmTC_ebe01.dir/link.txt --verbose=1
/cvmfs/sft.cern.ch/lcg/contrib/gcc/4.9.3/x86_64-slc6/bin/g++   -Wall  -DCXX_FLAG_WORKS__Wextra    CMakeFiles/cmTC_ebe01.dir/src.cxx.o  -o cmTC_ebe01 -rdynamic 
gmake[1]: Leaving directory `/afs/desy.de/user/s/sdharani/flc/eeZHqqbb/Hbb/build/CMakeFiles/CMakeTmp'

Source file was:
int main() { return 0; }
Performing C++ SOURCE FILE Test CXX_FLAG_WORKS__Wshadow succeeded with the following output:
Change Dir: /afs/desy.de/user/s/sdharani/flc/eeZHqqbb/Hbb/build/CMakeFiles/CMakeTmp

Run Build Command:"/usr/bin/gmake" "cmTC_c0b6f/fast"
/usr/bin/gmake -f CMakeFiles/cmTC_c0b6f.dir/build.make CMakeFiles/cmTC_c0b6f.dir/build
gmake[1]: Entering directory `/afs/desy.de/user/s/sdharani/flc/eeZHqqbb/Hbb/build/CMakeFiles/CMakeTmp'
Building CXX object CMakeFiles/cmTC_c0b6f.dir/src.cxx.o
/cvmfs/sft.cern.ch/lcg/contrib/gcc/4.9.3/x86_64-slc6/bin/g++     -Wextra -Wall  -DCXX_FLAG_WORKS__Wshadow   -Wshadow -o CMakeFiles/cmTC_c0b6f.dir/src.cxx.o -c /afs/desy.de/user/s/sdharani/flc/eeZHqqbb/Hbb/build/CMakeFiles/CMakeTmp/src.cxx
Linking CXX executable cmTC_c0b6f
/cvmfs/ilc.desy.de/sw/x86_64_gcc49_sl6/CMake/3.6.3/bin/cmake -E cmake_link_script CMakeFiles/cmTC_c0b6f.dir/link.txt --verbose=1
/cvmfs/sft.cern.ch/lcg/contrib/gcc/4.9.3/x86_64-slc6/bin/g++   -Wextra -Wall  -DCXX_FLAG_WORKS__Wshadow    CMakeFiles/cmTC_c0b6f.dir/src.cxx.o  -o cmTC_c0b6f -rdynamic 
gmake[1]: Leaving directory `/afs/desy.de/user/s/sdharani/flc/eeZHqqbb/Hbb/build/CMakeFiles/CMakeTmp'

Source file was:
int main() { return 0; }
Performing C++ SOURCE FILE Test CXX_FLAG_WORKS__WeffcPP succeeded with the following output:
Change Dir: /afs/desy.de/user/s/sdharani/flc/eeZHqqbb/Hbb/build/CMakeFiles/CMakeTmp

Run Build Command:"/usr/bin/gmake" "cmTC_a1dde/fast"
/usr/bin/gmake -f CMakeFiles/cmTC_a1dde.dir/build.make CMakeFiles/cmTC_a1dde.dir/build
gmake[1]: Entering directory `/afs/desy.de/user/s/sdharani/flc/eeZHqqbb/Hbb/build/CMakeFiles/CMakeTmp'
Building CXX object CMakeFiles/cmTC_a1dde.dir/src.cxx.o
/cvmfs/sft.cern.ch/lcg/contrib/gcc/4.9.3/x86_64-slc6/bin/g++     -Wshadow -Wextra -Wall  -DCXX_FLAG_WORKS__WeffcPP   -Weffc++ -o CMakeFiles/cmTC_a1dde.dir/src.cxx.o -c /afs/desy.de/user/s/sdharani/flc/eeZHqqbb/Hbb/build/CMakeFiles/CMakeTmp/src.cxx
Linking CXX executable cmTC_a1dde
/cvmfs/ilc.desy.de/sw/x86_64_gcc49_sl6/CMake/3.6.3/bin/cmake -E cmake_link_script CMakeFiles/cmTC_a1dde.dir/link.txt --verbose=1
/cvmfs/sft.cern.ch/lcg/contrib/gcc/4.9.3/x86_64-slc6/bin/g++   -Wshadow -Wextra -Wall  -DCXX_FLAG_WORKS__WeffcPP    CMakeFiles/cmTC_a1dde.dir/src.cxx.o  -o cmTC_a1dde -rdynamic 
gmake[1]: Leaving directory `/afs/desy.de/user/s/sdharani/flc/eeZHqqbb/Hbb/build/CMakeFiles/CMakeTmp'

Source file was:
int main() { return 0; }
Performing C++ SOURCE FILE Test CXX_FLAG_WORKS__pedantic succeeded with the following output:
Change Dir: /afs/desy.de/user/s/sdharani/flc/eeZHqqbb/Hbb/build/CMakeFiles/CMakeTmp

Run Build Command:"/usr/bin/gmake" "cmTC_a4f02/fast"
/usr/bin/gmake -f CMakeFiles/cmTC_a4f02.dir/build.make CMakeFiles/cmTC_a4f02.dir/build
gmake[1]: Entering directory `/afs/desy.de/user/s/sdharani/flc/eeZHqqbb/Hbb/build/CMakeFiles/CMakeTmp'
Building CXX object CMakeFiles/cmTC_a4f02.dir/src.cxx.o
/cvmfs/sft.cern.ch/lcg/contrib/gcc/4.9.3/x86_64-slc6/bin/g++     -Weffc++ -Wshadow -Wextra -Wall  -DCXX_FLAG_WORKS__pedantic   -pedantic -o CMakeFiles/cmTC_a4f02.dir/src.cxx.o -c /afs/desy.de/user/s/sdharani/flc/eeZHqqbb/Hbb/build/CMakeFiles/CMakeTmp/src.cxx
Linking CXX executable cmTC_a4f02
/cvmfs/ilc.desy.de/sw/x86_64_gcc49_sl6/CMake/3.6.3/bin/cmake -E cmake_link_script CMakeFiles/cmTC_a4f02.dir/link.txt --verbose=1
/cvmfs/sft.cern.ch/lcg/contrib/gcc/4.9.3/x86_64-slc6/bin/g++   -Weffc++ -Wshadow -Wextra -Wall  -DCXX_FLAG_WORKS__pedantic    CMakeFiles/cmTC_a4f02.dir/src.cxx.o  -o cmTC_a4f02 -rdynamic 
gmake[1]: Leaving directory `/afs/desy.de/user/s/sdharani/flc/eeZHqqbb/Hbb/build/CMakeFiles/CMakeTmp'

Source file was:
int main() { return 0; }
Performing C++ SOURCE FILE Test CXX_FLAG_WORKS__Wno_long_long succeeded with the following output:
Change Dir: /afs/desy.de/user/s/sdharani/flc/eeZHqqbb/Hbb/build/CMakeFiles/CMakeTmp

Run Build Command:"/usr/bin/gmake" "cmTC_e7a8a/fast"
/usr/bin/gmake -f CMakeFiles/cmTC_e7a8a.dir/build.make CMakeFiles/cmTC_e7a8a.dir/build
gmake[1]: Entering directory `/afs/desy.de/user/s/sdharani/flc/eeZHqqbb/Hbb/build/CMakeFiles/CMakeTmp'
Building CXX object CMakeFiles/cmTC_e7a8a.dir/src.cxx.o
/cvmfs/sft.cern.ch/lcg/contrib/gcc/4.9.3/x86_64-slc6/bin/g++     -pedantic -Weffc++ -Wshadow -Wextra -Wall  -DCXX_FLAG_WORKS__Wno_long_long   -Wno-long-long -o CMakeFiles/cmTC_e7a8a.dir/src.cxx.o -c /afs/desy.de/user/s/sdharani/flc/eeZHqqbb/Hbb/build/CMakeFiles/CMakeTmp/src.cxx
Linking CXX executable cmTC_e7a8a
/cvmfs/ilc.desy.de/sw/x86_64_gcc49_sl6/CMake/3.6.3/bin/cmake -E cmake_link_script CMakeFiles/cmTC_e7a8a.dir/link.txt --verbose=1
/cvmfs/sft.cern.ch/lcg/contrib/gcc/4.9.3/x86_64-slc6/bin/g++   -pedantic -Weffc++ -Wshadow -Wextra -Wall  -DCXX_FLAG_WORKS__Wno_long_long    CMakeFiles/cmTC_e7a8a.dir/src.cxx.o  -o cmTC_e7a8a -rdynamic 
gmake[1]: Leaving directory `/afs/desy.de/user/s/sdharani/flc/eeZHqqbb/Hbb/build/CMakeFiles/CMakeTmp'

Source file was:
int main() { return 0; }
Performing C++ SOURCE FILE Test CXX_FLAG_WORKS__Wuninitialized succeeded with the following output:
Change Dir: /afs/desy.de/user/s/sdharani/flc/eeZHqqbb/Hbb/build/CMakeFiles/CMakeTmp

Run Build Command:"/usr/bin/gmake" "cmTC_2b8ee/fast"
/usr/bin/gmake -f CMakeFiles/cmTC_2b8ee.dir/build.make CMakeFiles/cmTC_2b8ee.dir/build
gmake[1]: Entering directory `/afs/desy.de/user/s/sdharani/flc/eeZHqqbb/Hbb/build/CMakeFiles/CMakeTmp'
Building CXX object CMakeFiles/cmTC_2b8ee.dir/src.cxx.o
/cvmfs/sft.cern.ch/lcg/contrib/gcc/4.9.3/x86_64-slc6/bin/g++     -Wno-long-long -pedantic -Weffc++ -Wshadow -Wextra -Wall  -DCXX_FLAG_WORKS__Wuninitialized   -Wuninitialized -o CMakeFiles/cmTC_2b8ee.dir/src.cxx.o -c /afs/desy.de/user/s/sdharani/flc/eeZHqqbb/Hbb/build/CMakeFiles/CMakeTmp/src.cxx
Linking CXX executable cmTC_2b8ee
/cvmfs/ilc.desy.de/sw/x86_64_gcc49_sl6/CMake/3.6.3/bin/cmake -E cmake_link_script CMakeFiles/cmTC_2b8ee.dir/link.txt --verbose=1
/cvmfs/sft.cern.ch/lcg/contrib/gcc/4.9.3/x86_64-slc6/bin/g++   -Wno-long-long -pedantic -Weffc++ -Wshadow -Wextra -Wall  -DCXX_FLAG_WORKS__Wuninitialized    CMakeFiles/cmTC_2b8ee.dir/src.cxx.o  -o cmTC_2b8ee -rdynamic 
gmake[1]: Leaving directory `/afs/desy.de/user/s/sdharani/flc/eeZHqqbb/Hbb/build/CMakeFiles/CMakeTmp'

Source file was:
int main() { return 0; }
Performing C++ SOURCE FILE Test CXX_FLAG_WORKS__Wl,_no_undefined succeeded with the following output:
Change Dir: /afs/desy.de/user/s/sdharani/flc/eeZHqqbb/Hbb/build/CMakeFiles/CMakeTmp

Run Build Command:"/usr/bin/gmake" "cmTC_456ce/fast"
/usr/bin/gmake -f CMakeFiles/cmTC_456ce.dir/build.make CMakeFiles/cmTC_456ce.dir/build
gmake[1]: Entering directory `/afs/desy.de/user/s/sdharani/flc/eeZHqqbb/Hbb/build/CMakeFiles/CMakeTmp'
Building CXX object CMakeFiles/cmTC_456ce.dir/src.cxx.o
/cvmfs/sft.cern.ch/lcg/contrib/gcc/4.9.3/x86_64-slc6/bin/g++     -Wuninitialized -Wno-long-long -pedantic -Weffc++ -Wshadow -Wextra -Wall  -DCXX_FLAG_WORKS__Wl,_no_undefined   -Wl,-no-undefined -o CMakeFiles/cmTC_456ce.dir/src.cxx.o -c /afs/desy.de/user/s/sdharani/flc/eeZHqqbb/Hbb/build/CMakeFiles/CMakeTmp/src.cxx
<command-line>:0:19: warning: missing whitespace after the macro name
Linking CXX executable cmTC_456ce
/cvmfs/ilc.desy.de/sw/x86_64_gcc49_sl6/CMake/3.6.3/bin/cmake -E cmake_link_script CMakeFiles/cmTC_456ce.dir/link.txt --verbose=1
/cvmfs/sft.cern.ch/lcg/contrib/gcc/4.9.3/x86_64-slc6/bin/g++   -Wuninitialized -Wno-long-long -pedantic -Weffc++ -Wshadow -Wextra -Wall  -DCXX_FLAG_WORKS__Wl,_no_undefined    CMakeFiles/cmTC_456ce.dir/src.cxx.o  -o cmTC_456ce -rdynamic 
gmake[1]: Leaving directory `/afs/desy.de/user/s/sdharani/flc/eeZHqqbb/Hbb/build/CMakeFiles/CMakeTmp'

Source file was:
int main() { return 0; }
Performing C++ SOURCE FILE Test CXX_FLAG_WORKS_stdCXX11 succeeded with the following output:
Change Dir: /afs/desy.de/user/s/sdharani/flc/eeZHqqbb/Hbb/build/CMakeFiles/CMakeTmp

Run Build Command:"/usr/bin/gmake" "cmTC_80ad8/fast"
/usr/bin/gmake -f CMakeFiles/cmTC_80ad8.dir/build.make CMakeFiles/cmTC_80ad8.dir/build
gmake[1]: Entering directory `/afs/desy.de/user/s/sdharani/flc/eeZHqqbb/Hbb/build/CMakeFiles/CMakeTmp'
Building CXX object CMakeFiles/cmTC_80ad8.dir/src.cxx.o
/cvmfs/sft.cern.ch/lcg/contrib/gcc/4.9.3/x86_64-slc6/bin/g++     -Wl,-no-undefined -Wuninitialized -Wno-long-long -pedantic -Weffc++ -Wshadow -Wextra -Wall  -DCXX_FLAG_WORKS_stdCXX11   -std=c++11 -o CMakeFiles/cmTC_80ad8.dir/src.cxx.o -c /afs/desy.de/user/s/sdharani/flc/eeZHqqbb/Hbb/build/CMakeFiles/CMakeTmp/src.cxx
Linking CXX executable cmTC_80ad8
/cvmfs/ilc.desy.de/sw/x86_64_gcc49_sl6/CMake/3.6.3/bin/cmake -E cmake_link_script CMakeFiles/cmTC_80ad8.dir/link.txt --verbose=1
/cvmfs/sft.cern.ch/lcg/contrib/gcc/4.9.3/x86_64-slc6/bin/g++   -Wl,-no-undefined -Wuninitialized -Wno-long-long -pedantic -Weffc++ -Wshadow -Wextra -Wall  -DCXX_FLAG_WORKS_stdCXX11    CMakeFiles/cmTC_80ad8.dir/src.cxx.o  -o cmTC_80ad8 -rdynamic 
gmake[1]: Leaving directory `/afs/desy.de/user/s/sdharani/flc/eeZHqqbb/Hbb/build/CMakeFiles/CMakeTmp'

Source file was:
int main() { return 0; }
